# JRE version: OpenJDK Runtime Environment (17.0.6) (build 17.0.6+0-b2043.56-10027231)
# Java VM: OpenJDK 64-Bit Server VM (17.0.6+0-b2043.56-10027231, mixed mode, tiered, compressed oops, compressed class ptrs, g1 gc, windows-amd64)
GC Precious Log:
 CPUs: 4 total, 4 available
 Memory: 8087M
 Large Page Support: Disabled
 NUMA Support: Disabled
 Compressed Oops: Enabled (32-bit)
 Heap Region Size: 1M
 Heap Min Capacity: 8M
 Heap Initial Capacity: 128M
 Heap Max Capacity: 2G
 Pre-touch: Disabled
 Parallel Workers: 4
 Concurrent Workers: 1
 Concurrent Refinement Workers: 4
 Periodic GC: Disabled
Heap:
 garbage-first heap   total 242688K, used 142610K [0x0000000080000000, 0x0000000100000000)
  region size 1024K, 2 young (2048K), 2 survivors (2048K)
 Metaspace       used 99315K, committed 99968K, reserved 1138688K
  class space    used 13650K, committed 13952K, reserved 1048576K
GC Heap History (20 events):
Event: 6.738 GC heap after
{Heap after GC invocations=27 (full 0):
 garbage-first heap   total 188416K, used 55431K [0x0000000080000000, 0x0000000100000000)
  region size 1024K, 7 young (7168K), 7 survivors (7168K)
 Metaspace       used 75839K, committed 76352K, reserved 1122304K
  class space    used 10166K, committed 10432K, reserved 1048576K
}
Event: 7.742 GC heap before
{Heap before GC invocations=27 (full 0):
 garbage-first heap   total 188416K, used 134279K [0x0000000080000000, 0x0000000100000000)
  region size 1024K, 84 young (86016K), 7 survivors (7168K)
 Metaspace       used 84735K, committed 85376K, reserved 1130496K
  class space    used 11599K, committed 11904K, reserved 1048576K
}
Event: 7.754 GC heap after
{Heap after GC invocations=28 (full 0):
 garbage-first heap   total 188416K, used 60911K [0x0000000080000000, 0x0000000100000000)
  region size 1024K, 11 young (11264K), 11 survivors (11264K)
 Metaspace       used 84735K, committed 85376K, reserved 1130496K
  class space    used 11599K, committed 11904K, reserved 1048576K
}
Event: 8.394 GC heap before
{Heap before GC invocations=28 (full 0):
 garbage-first heap   total 188416K, used 137711K [0x0000000080000000, 0x0000000100000000)
  region size 1024K, 86 young (88064K), 11 survivors (11264K)
 Metaspace       used 88975K, committed 89664K, reserved 1130496K
  class space    used 12200K, committed 12544K, reserved 1048576K
}
Event: 8.414 GC heap after
{Heap after GC invocations=29 (full 0):
 garbage-first heap   total 188416K, used 70690K [0x0000000080000000, 0x0000000100000000)
  region size 1024K, 11 young (11264K), 11 survivors (11264K)
 Metaspace       used 88975K, committed 89664K, reserved 1130496K
  class space    used 12200K, committed 12544K, reserved 1048576K
}
Event: 9.334 GC heap before
{Heap before GC invocations=29 (full 0):
 garbage-first heap   total 188416K, used 139298K [0x0000000080000000, 0x0000000100000000)
  region size 1024K, 79 young (80896K), 11 survivors (11264K)
 Metaspace       used 90458K, committed 91136K, reserved 1130496K
  class space    used 12375K, committed 12672K, reserved 1048576K
}
Event: 9.347 GC heap after
{Heap after GC invocations=30 (full 0):
 garbage-first heap   total 188416K, used 77689K [0x0000000080000000, 0x0000000100000000)
  region size 1024K, 7 young (7168K), 7 survivors (7168K)
 Metaspace       used 90458K, committed 91136K, reserved 1130496K
  class space    used 12375K, committed 12672K, reserved 1048576K
}
Event: 10.105 GC heap before
{Heap before GC invocations=30 (full 0):
 garbage-first heap   total 188416K, used 144249K [0x0000000080000000, 0x0000000100000000)
  region size 1024K, 72 young (73728K), 7 survivors (7168K)
 Metaspace       used 92698K, committed 93376K, reserved 1130496K
  class space    used 12569K, committed 12864K, reserved 1048576K
}
Event: 10.114 GC heap after
{Heap after GC invocations=31 (full 0):
 garbage-first heap   total 188416K, used 83639K [0x0000000080000000, 0x0000000100000000)
  region size 1024K, 7 young (7168K), 7 survivors (7168K)
 Metaspace       used 92698K, committed 93376K, reserved 1130496K
  class space    used 12569K, committed 12864K, reserved 1048576K
}
Event: 10.493 GC heap before
{Heap before GC invocations=31 (full 0):
 garbage-first heap   total 188416K, used 122551K [0x0000000080000000, 0x0000000100000000)
  region size 1024K, 41 young (41984K), 7 survivors (7168K)
 Metaspace       used 93294K, committed 93888K, reserved 1130496K
  class space    used 12643K, committed 12928K, reserved 1048576K
}
Event: 10.503 GC heap after
{Heap after GC invocations=32 (full 0):
 garbage-first heap   total 188416K, used 93496K [0x0000000080000000, 0x0000000100000000)
  region size 1024K, 4 young (4096K), 4 survivors (4096K)
 Metaspace       used 93294K, committed 93888K, reserved 1130496K
  class space    used 12643K, committed 12928K, reserved 1048576K
}
Event: 10.880 GC heap before
{Heap before GC invocations=33 (full 0):
 garbage-first heap   total 188416K, used 172344K [0x0000000080000000, 0x0000000100000000)
  region size 1024K, 50 young (51200K), 4 survivors (4096K)
 Metaspace       used 96803K, committed 97472K, reserved 1138688K
  class space    used 13151K, committed 13440K, reserved 1048576K
}
Event: 10.893 GC heap after
{Heap after GC invocations=34 (full 0):
 garbage-first heap   total 194560K, used 123849K [0x0000000080000000, 0x0000000100000000)
  region size 1024K, 8 young (8192K), 8 survivors (8192K)
 Metaspace       used 96803K, committed 97472K, reserved 1138688K
  class space    used 13151K, committed 13440K, reserved 1048576K
}
Event: 10.903 GC heap before
{Heap before GC invocations=34 (full 0):
 garbage-first heap   total 194560K, used 124873K [0x0000000080000000, 0x0000000100000000)
  region size 1024K, 9 young (9216K), 8 survivors (8192K)
 Metaspace       used 96803K, committed 97472K, reserved 1138688K
  class space    used 13151K, committed 13440K, reserved 1048576K
}
Event: 10.910 GC heap after
{Heap after GC invocations=35 (full 0):
 garbage-first heap   total 194560K, used 125083K [0x0000000080000000, 0x0000000100000000)
  region size 1024K, 1 young (1024K), 1 survivors (1024K)
 Metaspace       used 96803K, committed 97472K, reserved 1138688K
  class space    used 13151K, committed 13440K, reserved 1048576K
}
Event: 10.964 GC heap before
{Heap before GC invocations=35 (full 0):
 garbage-first heap   total 194560K, used 133275K [0x0000000080000000, 0x0000000100000000)
  region size 1024K, 11 young (11264K), 1 survivors (1024K)
 Metaspace       used 96805K, committed 97472K, reserved 1138688K
  class space    used 13151K, committed 13440K, reserved 1048576K
}
Event: 10.968 GC heap after
{Heap after GC invocations=36 (full 0):
 garbage-first heap   total 194560K, used 127962K [0x0000000080000000, 0x0000000100000000)
  region size 1024K, 4 young (4096K), 4 survivors (4096K)
 Metaspace       used 96805K, committed 97472K, reserved 1138688K
  class space    used 13151K, committed 13440K, reserved 1048576K
}
Event: 11.262 GC heap before
{Heap before GC invocations=37 (full 0):
 garbage-first heap   total 242688K, used 155610K [0x0000000080000000, 0x0000000100000000)
  region size 1024K, 30 young (30720K), 4 survivors (4096K)
 Metaspace       used 99269K, committed 99904K, reserved 1138688K
  class space    used 13650K, committed 13952K, reserved 1048576K
}
Event: 11.275 GC heap after
{Heap after GC invocations=38 (full 0):
 garbage-first heap   total 242688K, used 139313K [0x0000000080000000, 0x0000000100000000)
  region size 1024K, 4 young (4096K), 4 survivors (4096K)
 Metaspace       used 99269K, committed 99904K, reserved 1138688K
  class space    used 13650K, committed 13952K, reserved 1048576K
}
Event: 11.306 GC heap before
{Heap before GC invocations=38 (full 0):
 garbage-first heap   total 242688K, used 145457K [0x0000000080000000, 0x0000000100000000)
  region size 1024K, 11 young (11264K), 4 survivors (4096K)
 Metaspace       used 99315K, committed 99968K, reserved 1138688K
  class space    used 13650K, committed 13952K, reserved 1048576K
}

