# JRE version: OpenJDK Runtime Environment (17.0.6) (build 17.0.6+0-b2043.56-10027231)
# Java VM: OpenJDK 64-Bit Server VM (17.0.6+0-b2043.56-10027231, mixed mode, tiered, compressed oops, compressed class ptrs, g1 gc, windows-amd64)
GC Precious Log:
 CPUs: 4 total, 4 available
 Memory: 8087M
 Large Page Support: Disabled
 NUMA Support: Disabled
 Compressed Oops: Enabled (32-bit)
 Heap Region Size: 1M
 Heap Min Capacity: 8M
 Heap Initial Capacity: 128M
 Heap Max Capacity: 2G
 Pre-touch: Disabled
 Parallel Workers: 4
 Concurrent Workers: 1
 Concurrent Refinement Workers: 4
 Periodic GC: Disabled
Heap:
 garbage-first heap   total 243712K, used 198099K [0x0000000080000000, 0x0000000100000000)
  region size 1024K, 3 young (3072K), 3 survivors (3072K)
 Metaspace       used 112071K, committed 112768K, reserved 1155072K
  class space    used 15008K, committed 15360K, reserved 1048576K
GC Heap History (20 events):
Event: 14.022 GC heap after
{Heap after GC invocations=32 (full 0):
 garbage-first heap   total 243712K, used 119252K [0x0000000080000000, 0x0000000100000000)
  region size 1024K, 8 young (8192K), 8 survivors (8192K)
 Metaspace       used 98140K, committed 98816K, reserved 1138688K
  class space    used 13115K, committed 13440K, reserved 1048576K
}
Event: 14.040 GC heap before
{Heap before GC invocations=32 (full 0):
 garbage-first heap   total 243712K, used 122324K [0x0000000080000000, 0x0000000100000000)
  region size 1024K, 11 young (11264K), 8 survivors (8192K)
 Metaspace       used 98221K, committed 98880K, reserved 1138688K
  class space    used 13124K, committed 13440K, reserved 1048576K
}
Event: 14.050 GC heap after
{Heap after GC invocations=33 (full 0):
 garbage-first heap   total 243712K, used 120740K [0x0000000080000000, 0x0000000100000000)
  region size 1024K, 2 young (2048K), 2 survivors (2048K)
 Metaspace       used 98221K, committed 98880K, reserved 1138688K
  class space    used 13124K, committed 13440K, reserved 1048576K
}
Event: 14.436 GC heap before
{Heap before GC invocations=33 (full 0):
 garbage-first heap   total 243712K, used 178084K [0x0000000080000000, 0x0000000100000000)
  region size 1024K, 58 young (59392K), 2 survivors (2048K)
 Metaspace       used 99364K, committed 100096K, reserved 1138688K
  class space    used 13206K, committed 13568K, reserved 1048576K
}
Event: 14.439 GC heap after
{Heap after GC invocations=34 (full 0):
 garbage-first heap   total 243712K, used 121632K [0x0000000080000000, 0x0000000100000000)
  region size 1024K, 3 young (3072K), 3 survivors (3072K)
 Metaspace       used 99364K, committed 100096K, reserved 1138688K
  class space    used 13206K, committed 13568K, reserved 1048576K
}
Event: 15.656 GC heap before
{Heap before GC invocations=34 (full 0):
 garbage-first heap   total 243712K, used 182048K [0x0000000080000000, 0x0000000100000000)
  region size 1024K, 63 young (64512K), 3 survivors (3072K)
 Metaspace       used 101494K, committed 102208K, reserved 1138688K
  class space    used 13439K, committed 13760K, reserved 1048576K
}
Event: 15.661 GC heap after
{Heap after GC invocations=35 (full 0):
 garbage-first heap   total 243712K, used 122959K [0x0000000080000000, 0x0000000100000000)
  region size 1024K, 4 young (4096K), 4 survivors (4096K)
 Metaspace       used 101494K, committed 102208K, reserved 1138688K
  class space    used 13439K, committed 13760K, reserved 1048576K
}
Event: 17.186 GC heap before
{Heap before GC invocations=35 (full 0):
 garbage-first heap   total 243712K, used 186447K [0x0000000080000000, 0x0000000100000000)
  region size 1024K, 67 young (68608K), 4 survivors (4096K)
 Metaspace       used 103872K, committed 104640K, reserved 1146880K
  class space    used 13728K, committed 14080K, reserved 1048576K
}
Event: 17.195 GC heap after
{Heap after GC invocations=36 (full 0):
 garbage-first heap   total 243712K, used 128847K [0x0000000080000000, 0x0000000100000000)
  region size 1024K, 9 young (9216K), 9 survivors (9216K)
 Metaspace       used 103872K, committed 104640K, reserved 1146880K
  class space    used 13728K, committed 14080K, reserved 1048576K
}
Event: 18.106 GC heap before
{Heap before GC invocations=36 (full 0):
 garbage-first heap   total 243712K, used 191311K [0x0000000080000000, 0x0000000100000000)
  region size 1024K, 71 young (72704K), 9 survivors (9216K)
 Metaspace       used 104620K, committed 105280K, reserved 1146880K
  class space    used 13817K, committed 14144K, reserved 1048576K
}
Event: 18.119 GC heap after
{Heap after GC invocations=37 (full 0):
 garbage-first heap   total 243712K, used 135927K [0x0000000080000000, 0x0000000100000000)
  region size 1024K, 8 young (8192K), 8 survivors (8192K)
 Metaspace       used 104620K, committed 105280K, reserved 1146880K
  class space    used 13817K, committed 14144K, reserved 1048576K
}
Event: 18.952 GC heap before
{Heap before GC invocations=37 (full 0):
 garbage-first heap   total 243712K, used 201463K [0x0000000080000000, 0x0000000100000000)
  region size 1024K, 65 young (66560K), 8 survivors (8192K)
 Metaspace       used 105896K, committed 106624K, reserved 1146880K
  class space    used 13994K, committed 14336K, reserved 1048576K
}
Event: 18.957 GC heap after
{Heap after GC invocations=38 (full 0):
 garbage-first heap   total 243712K, used 142976K [0x0000000080000000, 0x0000000100000000)
  region size 1024K, 5 young (5120K), 5 survivors (5120K)
 Metaspace       used 105896K, committed 106624K, reserved 1146880K
  class space    used 13994K, committed 14336K, reserved 1048576K
}
Event: 20.316 GC heap before
{Heap before GC invocations=38 (full 0):
 garbage-first heap   total 243712K, used 192128K [0x0000000080000000, 0x0000000100000000)
  region size 1024K, 28 young (28672K), 5 survivors (5120K)
 Metaspace       used 109087K, committed 109760K, reserved 1146880K
  class space    used 14442K, committed 14784K, reserved 1048576K
}
Event: 20.320 GC heap after
{Heap after GC invocations=39 (full 0):
 garbage-first heap   total 243712K, used 163621K [0x0000000080000000, 0x0000000100000000)
  region size 1024K, 8 young (8192K), 8 survivors (8192K)
 Metaspace       used 109087K, committed 109760K, reserved 1146880K
  class space    used 14442K, committed 14784K, reserved 1048576K
}
Event: 20.737 GC heap before
{Heap before GC invocations=39 (full 0):
 garbage-first heap   total 243712K, used 209701K [0x0000000080000000, 0x0000000100000000)
  region size 1024K, 47 young (48128K), 8 survivors (8192K)
 Metaspace       used 109422K, committed 110144K, reserved 1146880K
  class space    used 14490K, committed 14848K, reserved 1048576K
}
Event: 20.754 GC heap after
{Heap after GC invocations=40 (full 0):
 garbage-first heap   total 243712K, used 178176K [0x0000000080000000, 0x0000000100000000)
  region size 1024K, 6 young (6144K), 6 survivors (6144K)
 Metaspace       used 109422K, committed 110144K, reserved 1146880K
  class space    used 14490K, committed 14848K, reserved 1048576K
}
Event: 21.199 GC heap before
{Heap before GC invocations=40 (full 0):
 garbage-first heap   total 243712K, used 202752K [0x0000000080000000, 0x0000000100000000)
  region size 1024K, 30 young (30720K), 6 survivors (6144K)
 Metaspace       used 111966K, committed 112704K, reserved 1146880K
  class space    used 15008K, committed 15360K, reserved 1048576K
}
Event: 21.216 GC heap after
{Heap after GC invocations=41 (full 0):
 garbage-first heap   total 243712K, used 188416K [0x0000000080000000, 0x0000000100000000)
  region size 1024K, 4 young (4096K), 4 survivors (4096K)
 Metaspace       used 111966K, committed 112704K, reserved 1146880K
  class space    used 15008K, committed 15360K, reserved 1048576K
}
Event: 21.374 GC heap before
{Heap before GC invocations=41 (full 0):
 garbage-first heap   total 243712K, used 204800K [0x0000000080000000, 0x0000000100000000)
  region size 1024K, 21 young (21504K), 4 survivors (4096K)
 Metaspace       used 112071K, committed 112768K, reserved 1155072K
  class space    used 15008K, committed 15360K, reserved 1048576K
}

