# JRE version: OpenJDK Runtime Environment (17.0.6) (build 17.0.6+0-b2043.56-10027231)
# Java VM: OpenJDK 64-Bit Server VM (17.0.6+0-b2043.56-10027231, mixed mode, tiered, compressed oops, compressed class ptrs, g1 gc, windows-amd64)
GC Precious Log:
 CPUs: 4 total, 4 available
 Memory: 8087M
 Large Page Support: Disabled
 NUMA Support: Disabled
 Compressed Oops: Enabled (32-bit)
 Heap Region Size: 1M
 Heap Min Capacity: 8M
 Heap Initial Capacity: 128M
 Heap Max Capacity: 2G
 Pre-touch: Disabled
 Parallel Workers: 4
 Concurrent Workers: 1
 Concurrent Refinement Workers: 4
 Periodic GC: Disabled
Heap:
 garbage-first heap   total 232448K, used 148151K [0x0000000080000000, 0x0000000100000000)
  region size 1024K, 6 young (6144K), 6 survivors (6144K)
 Metaspace       used 87710K, committed 88384K, reserved 1130496K
  class space    used 12022K, committed 12352K, reserved 1048576K
GC Heap History (20 events):
Event: 7.570 GC heap after
{Heap after GC invocations=29 (full 0):
 garbage-first heap   total 184320K, used 88712K [0x0000000080000000, 0x0000000100000000)
  region size 1024K, 6 young (6144K), 6 survivors (6144K)
 Metaspace       used 68721K, committed 69376K, reserved 1114112K
  class space    used 9182K, committed 9472K, reserved 1048576K
}
Event: 8.405 GC heap before
{Heap before GC invocations=29 (full 0):
 garbage-first heap   total 184320K, used 138888K [0x0000000080000000, 0x0000000100000000)
  region size 1024K, 55 young (56320K), 6 survivors (6144K)
 Metaspace       used 74752K, committed 75392K, reserved 1114112K
  class space    used 9995K, committed 10304K, reserved 1048576K
}
Event: 8.411 GC heap after
{Heap after GC invocations=30 (full 0):
 garbage-first heap   total 184320K, used 92071K [0x0000000080000000, 0x0000000100000000)
  region size 1024K, 4 young (4096K), 4 survivors (4096K)
 Metaspace       used 74752K, committed 75392K, reserved 1114112K
  class space    used 9995K, committed 10304K, reserved 1048576K
}
Event: 9.487 GC heap before
{Heap before GC invocations=31 (full 0):
 garbage-first heap   total 184320K, used 145319K [0x0000000080000000, 0x0000000100000000)
  region size 1024K, 55 young (56320K), 4 survivors (4096K)
 Metaspace       used 80061K, committed 80768K, reserved 1122304K
  class space    used 10915K, committed 11264K, reserved 1048576K
}
Event: 9.492 GC heap after
{Heap after GC invocations=32 (full 0):
 garbage-first heap   total 184320K, used 94377K [0x0000000080000000, 0x0000000100000000)
  region size 1024K, 6 young (6144K), 6 survivors (6144K)
 Metaspace       used 80061K, committed 80768K, reserved 1122304K
  class space    used 10915K, committed 11264K, reserved 1048576K
}
Event: 9.546 GC heap before
{Heap before GC invocations=32 (full 0):
 garbage-first heap   total 184320K, used 97449K [0x0000000080000000, 0x0000000100000000)
  region size 1024K, 9 young (9216K), 6 survivors (6144K)
 Metaspace       used 80489K, committed 81152K, reserved 1122304K
  class space    used 10971K, committed 11264K, reserved 1048576K
}
Event: 9.551 GC heap after
{Heap after GC invocations=33 (full 0):
 garbage-first heap   total 184320K, used 94803K [0x0000000080000000, 0x0000000100000000)
  region size 1024K, 1 young (1024K), 1 survivors (1024K)
 Metaspace       used 80489K, committed 81152K, reserved 1122304K
  class space    used 10971K, committed 11264K, reserved 1048576K
}
Event: 10.228 GC heap before
{Heap before GC invocations=33 (full 0):
 garbage-first heap   total 184320K, used 119379K [0x0000000080000000, 0x0000000100000000)
  region size 1024K, 26 young (26624K), 1 survivors (1024K)
 Metaspace       used 83331K, committed 84032K, reserved 1122304K
  class space    used 11372K, committed 11712K, reserved 1048576K
}
Event: 10.231 GC heap after
{Heap after GC invocations=34 (full 0):
 garbage-first heap   total 184320K, used 95896K [0x0000000080000000, 0x0000000100000000)
  region size 1024K, 3 young (3072K), 3 survivors (3072K)
 Metaspace       used 83331K, committed 84032K, reserved 1122304K
  class space    used 11372K, committed 11712K, reserved 1048576K
}
Event: 11.232 GC heap before
{Heap before GC invocations=35 (full 0):
 garbage-first heap   total 184320K, used 170648K [0x0000000080000000, 0x0000000100000000)
  region size 1024K, 54 young (55296K), 3 survivors (3072K)
 Metaspace       used 86959K, committed 87616K, reserved 1130496K
  class space    used 11921K, committed 12224K, reserved 1048576K
}
Event: 11.239 GC heap after
{Heap after GC invocations=36 (full 0):
 garbage-first heap   total 184320K, used 126045K [0x0000000080000000, 0x0000000100000000)
  region size 1024K, 7 young (7168K), 7 survivors (7168K)
 Metaspace       used 86959K, committed 87616K, reserved 1130496K
  class space    used 11921K, committed 12224K, reserved 1048576K
}
Event: 11.280 GC heap before
{Heap before GC invocations=36 (full 0):
 garbage-first heap   total 184320K, used 127069K [0x0000000080000000, 0x0000000100000000)
  region size 1024K, 9 young (9216K), 7 survivors (7168K)
 Metaspace       used 87148K, committed 87808K, reserved 1130496K
  class space    used 11936K, committed 12224K, reserved 1048576K
}
Event: 11.284 GC heap after
{Heap after GC invocations=37 (full 0):
 garbage-first heap   total 184320K, used 126690K [0x0000000080000000, 0x0000000100000000)
  region size 1024K, 1 young (1024K), 1 survivors (1024K)
 Metaspace       used 87148K, committed 87808K, reserved 1130496K
  class space    used 11936K, committed 12224K, reserved 1048576K
}
Event: 11.421 GC heap before
{Heap before GC invocations=37 (full 0):
 garbage-first heap   total 184320K, used 130786K [0x0000000080000000, 0x0000000100000000)
  region size 1024K, 6 young (6144K), 1 survivors (1024K)
 Metaspace       used 87654K, committed 88384K, reserved 1130496K
  class space    used 12014K, committed 12352K, reserved 1048576K
}
Event: 11.422 GC heap after
{Heap after GC invocations=38 (full 0):
 garbage-first heap   total 184320K, used 126443K [0x0000000080000000, 0x0000000100000000)
  region size 1024K, 1 young (1024K), 1 survivors (1024K)
 Metaspace       used 87654K, committed 88384K, reserved 1130496K
  class space    used 12014K, committed 12352K, reserved 1048576K
}
Event: 11.588 GC heap before
{Heap before GC invocations=39 (full 0):
 garbage-first heap   total 232448K, used 161259K [0x0000000080000000, 0x0000000100000000)
  region size 1024K, 31 young (31744K), 1 survivors (1024K)
 Metaspace       used 87674K, committed 88384K, reserved 1130496K
  class space    used 12017K, committed 12352K, reserved 1048576K
}
Event: 11.599 GC heap after
{Heap after GC invocations=40 (full 0):
 garbage-first heap   total 232448K, used 141779K [0x0000000080000000, 0x0000000100000000)
  region size 1024K, 4 young (4096K), 4 survivors (4096K)
 Metaspace       used 87674K, committed 88384K, reserved 1130496K
  class space    used 12017K, committed 12352K, reserved 1048576K
}
Event: 11.624 GC heap before
{Heap before GC invocations=40 (full 0):
 garbage-first heap   total 232448K, used 148947K [0x0000000080000000, 0x0000000100000000)
  region size 1024K, 11 young (11264K), 4 survivors (4096K)
 Metaspace       used 87674K, committed 88384K, reserved 1130496K
  class space    used 12017K, committed 12352K, reserved 1048576K
}
Event: 11.634 GC heap after
{Heap after GC invocations=41 (full 0):
 garbage-first heap   total 232448K, used 142622K [0x0000000080000000, 0x0000000100000000)
  region size 1024K, 2 young (2048K), 2 survivors (2048K)
 Metaspace       used 87674K, committed 88384K, reserved 1130496K
  class space    used 12017K, committed 12352K, reserved 1048576K
}
Event: 13.748 GC heap before
{Heap before GC invocations=41 (full 0):
 garbage-first heap   total 232448K, used 183582K [0x0000000080000000, 0x0000000100000000)
  region size 1024K, 43 young (44032K), 2 survivors (2048K)
 Metaspace       used 87710K, committed 88384K, reserved 1130496K
  class space    used 12022K, committed 12352K, reserved 1048576K
}

