# JRE version: OpenJDK Runtime Environment (17.0.6) (build 17.0.6+0-b2043.56-10027231)
# Java VM: OpenJDK 64-Bit Server VM (17.0.6+0-b2043.56-10027231, mixed mode, tiered, compressed oops, compressed class ptrs, g1 gc, windows-amd64)
GC Precious Log:
 CPUs: 4 total, 4 available
 Memory: 8087M
 Large Page Support: Disabled
 NUMA Support: Disabled
 Compressed Oops: Enabled (32-bit)
 Heap Region Size: 1M
 Heap Min Capacity: 8M
 Heap Initial Capacity: 128M
 Heap Max Capacity: 2G
 Pre-touch: Disabled
 Parallel Workers: 4
 Concurrent Workers: 1
 Concurrent Refinement Workers: 4
 Periodic GC: Disabled
Heap:
 garbage-first heap   total 316416K, used 211763K [0x0000000080000000, 0x0000000100000000)
  region size 1024K, 35 young (35840K), 11 survivors (11264K)
 Metaspace       used 107386K, committed 108352K, reserved 1146880K
  class space    used 14358K, committed 14848K, reserved 1048576K
GC Heap History (20 events):
Event: 12.120 GC heap before
{Heap before GC invocations=33 (full 0):
 garbage-first heap   total 271360K, used 199097K [0x0000000080000000, 0x0000000100000000)
  region size 1024K, 52 young (53248K), 3 survivors (3072K)
 Metaspace       used 87772K, committed 88512K, reserved 1130496K
  class space    used 12008K, committed 12352K, reserved 1048576K
}
Event: 12.124 GC heap after
{Heap after GC invocations=34 (full 0):
 garbage-first heap   total 271360K, used 151195K [0x0000000080000000, 0x0000000100000000)
  region size 1024K, 5 young (5120K), 5 survivors (5120K)
 Metaspace       used 87772K, committed 88512K, reserved 1130496K
  class space    used 12008K, committed 12352K, reserved 1048576K
}
Event: 12.561 GC heap before
{Heap before GC invocations=34 (full 0):
 garbage-first heap   total 271360K, used 159387K [0x0000000080000000, 0x0000000100000000)
  region size 1024K, 13 young (13312K), 5 survivors (5120K)
 Metaspace       used 87772K, committed 88512K, reserved 1130496K
  class space    used 12008K, committed 12352K, reserved 1048576K
}
Event: 12.564 GC heap after
{Heap after GC invocations=35 (full 0):
 garbage-first heap   total 271360K, used 151097K [0x0000000080000000, 0x0000000100000000)
  region size 1024K, 1 young (1024K), 1 survivors (1024K)
 Metaspace       used 87772K, committed 88512K, reserved 1130496K
  class space    used 12008K, committed 12352K, reserved 1048576K
}
Event: 15.452 GC heap before
{Heap before GC invocations=35 (full 0):
 garbage-first heap   total 271360K, used 219705K [0x0000000080000000, 0x0000000100000000)
  region size 1024K, 68 young (69632K), 1 survivors (1024K)
 Metaspace       used 87772K, committed 88512K, reserved 1130496K
  class space    used 12008K, committed 12352K, reserved 1048576K
}
Event: 15.455 GC heap after
{Heap after GC invocations=36 (full 0):
 garbage-first heap   total 271360K, used 154135K [0x0000000080000000, 0x0000000100000000)
  region size 1024K, 4 young (4096K), 4 survivors (4096K)
 Metaspace       used 87772K, committed 88512K, reserved 1130496K
  class space    used 12008K, committed 12352K, reserved 1048576K
}
Event: 17.709 GC heap before
{Heap before GC invocations=36 (full 0):
 garbage-first heap   total 271360K, used 222743K [0x0000000080000000, 0x0000000100000000)
  region size 1024K, 71 young (72704K), 4 survivors (4096K)
 Metaspace       used 87776K, committed 88576K, reserved 1130496K
  class space    used 12008K, committed 12352K, reserved 1048576K
}
Event: 17.714 GC heap after
{Heap after GC invocations=37 (full 0):
 garbage-first heap   total 271360K, used 157492K [0x0000000080000000, 0x0000000100000000)
  region size 1024K, 7 young (7168K), 7 survivors (7168K)
 Metaspace       used 87776K, committed 88576K, reserved 1130496K
  class space    used 12008K, committed 12352K, reserved 1048576K
}
Event: 18.252 GC heap before
{Heap before GC invocations=37 (full 0):
 garbage-first heap   total 271360K, used 177972K [0x0000000080000000, 0x0000000100000000)
  region size 1024K, 28 young (28672K), 7 survivors (7168K)
 Metaspace       used 87815K, committed 88576K, reserved 1130496K
  class space    used 12017K, committed 12352K, reserved 1048576K
}
Event: 18.258 GC heap after
{Heap after GC invocations=38 (full 0):
 garbage-first heap   total 271360K, used 158706K [0x0000000080000000, 0x0000000100000000)
  region size 1024K, 5 young (5120K), 5 survivors (5120K)
 Metaspace       used 87815K, committed 88576K, reserved 1130496K
  class space    used 12017K, committed 12352K, reserved 1048576K
}
Event: 19.460 GC heap before
{Heap before GC invocations=39 (full 0):
 garbage-first heap   total 316416K, used 238578K [0x0000000080000000, 0x0000000100000000)
  region size 1024K, 67 young (68608K), 5 survivors (5120K)
 Metaspace       used 95112K, committed 95872K, reserved 1138688K
  class space    used 12934K, committed 13312K, reserved 1048576K
}
Event: 19.473 GC heap after
{Heap after GC invocations=40 (full 0):
 garbage-first heap   total 316416K, used 167724K [0x0000000080000000, 0x0000000100000000)
  region size 1024K, 9 young (9216K), 9 survivors (9216K)
 Metaspace       used 95112K, committed 95872K, reserved 1138688K
  class space    used 12934K, committed 13312K, reserved 1048576K
}
Event: 19.622 GC heap before
{Heap before GC invocations=40 (full 0):
 garbage-first heap   total 316416K, used 173868K [0x0000000080000000, 0x0000000100000000)
  region size 1024K, 15 young (15360K), 9 survivors (9216K)
 Metaspace       used 95772K, committed 96512K, reserved 1138688K
  class space    used 13028K, committed 13376K, reserved 1048576K
}
Event: 19.632 GC heap after
{Heap after GC invocations=41 (full 0):
 garbage-first heap   total 316416K, used 169148K [0x0000000080000000, 0x0000000100000000)
  region size 1024K, 2 young (2048K), 2 survivors (2048K)
 Metaspace       used 95772K, committed 96512K, reserved 1138688K
  class space    used 13028K, committed 13376K, reserved 1048576K
}
Event: 22.088 GC heap before
{Heap before GC invocations=41 (full 0):
 garbage-first heap   total 316416K, used 251068K [0x0000000080000000, 0x0000000100000000)
  region size 1024K, 82 young (83968K), 2 survivors (2048K)
 Metaspace       used 100440K, committed 101184K, reserved 1138688K
  class space    used 13482K, committed 13824K, reserved 1048576K
}
Event: 22.096 GC heap after
{Heap after GC invocations=42 (full 0):
 garbage-first heap   total 316416K, used 174790K [0x0000000080000000, 0x0000000100000000)
  region size 1024K, 7 young (7168K), 7 survivors (7168K)
 Metaspace       used 100440K, committed 101184K, reserved 1138688K
  class space    used 13482K, committed 13824K, reserved 1048576K
}
Event: 37.993 GC heap before
{Heap before GC invocations=42 (full 0):
 garbage-first heap   total 316416K, used 254662K [0x0000000080000000, 0x0000000100000000)
  region size 1024K, 85 young (87040K), 7 survivors (7168K)
 Metaspace       used 105141K, committed 106048K, reserved 1146880K
  class space    used 14084K, committed 14528K, reserved 1048576K
}
Event: 38.019 GC heap after
{Heap after GC invocations=43 (full 0):
 garbage-first heap   total 316416K, used 180456K [0x0000000080000000, 0x0000000100000000)
  region size 1024K, 6 young (6144K), 6 survivors (6144K)
 Metaspace       used 105141K, committed 106048K, reserved 1146880K
  class space    used 14084K, committed 14528K, reserved 1048576K
}
Event: 38.768 GC heap before
{Heap before GC invocations=43 (full 0):
 garbage-first heap   total 316416K, used 257256K [0x0000000080000000, 0x0000000100000000)
  region size 1024K, 82 young (83968K), 6 survivors (6144K)
 Metaspace       used 107233K, committed 108224K, reserved 1146880K
  class space    used 14339K, committed 14848K, reserved 1048576K
}
Event: 38.778 GC heap after
{Heap after GC invocations=44 (full 0):
 garbage-first heap   total 316416K, used 188211K [0x0000000080000000, 0x0000000100000000)
  region size 1024K, 11 young (11264K), 11 survivors (11264K)
 Metaspace       used 107233K, committed 108224K, reserved 1146880K
  class space    used 14339K, committed 14848K, reserved 1048576K
}

