# JRE version: OpenJDK Runtime Environment (17.0.6) (build 17.0.6+0-b2043.56-10027231)
# Java VM: OpenJDK 64-Bit Server VM (17.0.6+0-b2043.56-10027231, mixed mode, tiered, compressed oops, compressed class ptrs, g1 gc, windows-amd64)
GC Precious Log:
 CPUs: 4 total, 4 available
 Memory: 8087M
 Large Page Support: Disabled
 NUMA Support: Disabled
 Compressed Oops: Enabled (32-bit)
 Heap Region Size: 1M
 Heap Min Capacity: 8M
 Heap Initial Capacity: 128M
 Heap Max Capacity: 2G
 Pre-touch: Disabled
 Parallel Workers: 4
 Concurrent Workers: 1
 Concurrent Refinement Workers: 4
 Periodic GC: Disabled
Heap:
 garbage-first heap   total 435200K, used 317380K [0x0000000080000000, 0x0000000100000000)
  region size 1024K, 43 young (44032K), 4 survivors (4096K)
 Metaspace       used 175417K, committed 176576K, reserved 1204224K
  class space    used 22581K, committed 23168K, reserved 1048576K
GC Heap History (20 events):
Event: 49.781 GC heap before
{Heap before GC invocations=74 (full 0):
 garbage-first heap   total 352256K, used 240128K [0x0000000080000000, 0x0000000100000000)
  region size 1024K, 33 young (33792K), 2 survivors (2048K)
 Metaspace       used 158906K, committed 159808K, reserved 1196032K
  class space    used 20763K, committed 21184K, reserved 1048576K
}
Event: 49.785 GC heap after
{Heap after GC invocations=75 (full 0):
 garbage-first heap   total 352256K, used 211568K [0x0000000080000000, 0x0000000100000000)
  region size 1024K, 3 young (3072K), 3 survivors (3072K)
 Metaspace       used 158906K, committed 159808K, reserved 1196032K
  class space    used 20763K, committed 21184K, reserved 1048576K
}
Event: 51.540 GC heap before
{Heap before GC invocations=76 (full 0):
 garbage-first heap   total 362496K, used 287344K [0x0000000080000000, 0x0000000100000000)
  region size 1024K, 77 young (78848K), 3 survivors (3072K)
 Metaspace       used 161752K, committed 162624K, reserved 1196032K
  class space    used 20993K, committed 21440K, reserved 1048576K
}
Event: 51.549 GC heap after
{Heap after GC invocations=77 (full 0):
 garbage-first heap   total 362496K, used 217167K [0x0000000080000000, 0x0000000100000000)
  region size 1024K, 9 young (9216K), 9 survivors (9216K)
 Metaspace       used 161752K, committed 162624K, reserved 1196032K
  class space    used 20993K, committed 21440K, reserved 1048576K
}
Event: 51.658 GC heap before
{Heap before GC invocations=77 (full 0):
 garbage-first heap   total 362496K, used 225359K [0x0000000080000000, 0x0000000100000000)
  region size 1024K, 17 young (17408K), 9 survivors (9216K)
 Metaspace       used 162137K, committed 163136K, reserved 1196032K
  class space    used 21045K, committed 21504K, reserved 1048576K
}
Event: 51.668 GC heap after
{Heap after GC invocations=78 (full 0):
 garbage-first heap   total 362496K, used 216583K [0x0000000080000000, 0x0000000100000000)
  region size 1024K, 2 young (2048K), 2 survivors (2048K)
 Metaspace       used 162137K, committed 163136K, reserved 1196032K
  class space    used 21045K, committed 21504K, reserved 1048576K
}
Event: 262.610 GC heap before
{Heap before GC invocations=78 (full 0):
 garbage-first heap   total 362496K, used 297479K [0x0000000080000000, 0x0000000100000000)
  region size 1024K, 81 young (82944K), 2 survivors (2048K)
 Metaspace       used 166021K, committed 167040K, reserved 1196032K
  class space    used 21549K, committed 22016K, reserved 1048576K
}
Event: 262.618 GC heap after
{Heap after GC invocations=79 (full 0):
 garbage-first heap   total 362496K, used 220683K [0x0000000080000000, 0x0000000100000000)
  region size 1024K, 6 young (6144K), 6 survivors (6144K)
 Metaspace       used 166021K, committed 167040K, reserved 1196032K
  class space    used 21549K, committed 22016K, reserved 1048576K
}
Event: 265.496 GC heap before
{Heap before GC invocations=80 (full 0):
 garbage-first heap   total 372736K, used 298507K [0x0000000080000000, 0x0000000100000000)
  region size 1024K, 83 young (84992K), 6 survivors (6144K)
 Metaspace       used 168107K, committed 169088K, reserved 1196032K
  class space    used 21800K, committed 22272K, reserved 1048576K
}
Event: 265.508 GC heap after
{Heap after GC invocations=81 (full 0):
 garbage-first heap   total 372736K, used 229346K [0x0000000080000000, 0x0000000100000000)
  region size 1024K, 11 young (11264K), 11 survivors (11264K)
 Metaspace       used 168107K, committed 169088K, reserved 1196032K
  class space    used 21800K, committed 22272K, reserved 1048576K
}
Event: 265.576 GC heap before
{Heap before GC invocations=81 (full 0):
 garbage-first heap   total 372736K, used 236514K [0x0000000080000000, 0x0000000100000000)
  region size 1024K, 18 young (18432K), 11 survivors (11264K)
 Metaspace       used 168124K, committed 169152K, reserved 1196032K
  class space    used 21801K, committed 22272K, reserved 1048576K
}
Event: 265.591 GC heap after
{Heap after GC invocations=82 (full 0):
 garbage-first heap   total 372736K, used 230117K [0x0000000080000000, 0x0000000100000000)
  region size 1024K, 2 young (2048K), 2 survivors (2048K)
 Metaspace       used 168124K, committed 169152K, reserved 1196032K
  class space    used 21801K, committed 22272K, reserved 1048576K
}
Event: 273.595 GC heap before
{Heap before GC invocations=82 (full 0):
 garbage-first heap   total 372736K, used 306917K [0x0000000080000000, 0x0000000100000000)
  region size 1024K, 79 young (80896K), 2 survivors (2048K)
 Metaspace       used 173120K, committed 174272K, reserved 1204224K
  class space    used 22414K, committed 22976K, reserved 1048576K
}
Event: 273.612 GC heap after
{Heap after GC invocations=83 (full 0):
 garbage-first heap   total 372736K, used 242176K [0x0000000080000000, 0x0000000100000000)
  region size 1024K, 10 young (10240K), 10 survivors (10240K)
 Metaspace       used 173120K, committed 174272K, reserved 1204224K
  class space    used 22414K, committed 22976K, reserved 1048576K
}
Event: 277.292 GC heap before
{Heap before GC invocations=84 (full 0):
 garbage-first heap   total 435200K, used 321024K [0x0000000080000000, 0x0000000100000000)
  region size 1024K, 70 young (71680K), 10 survivors (10240K)
 Metaspace       used 173811K, committed 174976K, reserved 1204224K
  class space    used 22467K, committed 23040K, reserved 1048576K
}
Event: 277.330 GC heap after
{Heap after GC invocations=85 (full 0):
 garbage-first heap   total 435200K, used 262396K [0x0000000080000000, 0x0000000100000000)
  region size 1024K, 9 young (9216K), 9 survivors (9216K)
 Metaspace       used 173811K, committed 174976K, reserved 1204224K
  class space    used 22467K, committed 23040K, reserved 1048576K
}
Event: 277.488 GC heap before
{Heap before GC invocations=85 (full 0):
 garbage-first heap   total 435200K, used 281852K [0x0000000080000000, 0x0000000100000000)
  region size 1024K, 21 young (21504K), 9 survivors (9216K)
 Metaspace       used 173842K, committed 174976K, reserved 1204224K
  class space    used 22470K, committed 23040K, reserved 1048576K
}
Event: 277.515 GC heap after
{Heap after GC invocations=86 (full 0):
 garbage-first heap   total 435200K, used 268800K [0x0000000080000000, 0x0000000100000000)
  region size 1024K, 3 young (3072K), 3 survivors (3072K)
 Metaspace       used 173842K, committed 174976K, reserved 1204224K
  class space    used 22470K, committed 23040K, reserved 1048576K
}
Event: 277.528 GC heap before
{Heap before GC invocations=86 (full 0):
 garbage-first heap   total 435200K, used 268800K [0x0000000080000000, 0x0000000100000000)
  region size 1024K, 4 young (4096K), 3 survivors (3072K)
 Metaspace       used 173842K, committed 174976K, reserved 1204224K
  class space    used 22470K, committed 23040K, reserved 1048576K
}
Event: 277.538 GC heap after
{Heap after GC invocations=87 (full 0):
 garbage-first heap   total 435200K, used 269252K [0x0000000080000000, 0x0000000100000000)
  region size 1024K, 4 young (4096K), 4 survivors (4096K)
 Metaspace       used 173842K, committed 174976K, reserved 1204224K
  class space    used 22470K, committed 23040K, reserved 1048576K
}

