# JRE version: OpenJDK Runtime Environment (17.0.6) (build 17.0.6+0-b2043.56-10027231)
# Java VM: OpenJDK 64-Bit Server VM (17.0.6+0-b2043.56-10027231, mixed mode, tiered, compressed oops, compressed class ptrs, g1 gc, windows-amd64)
GC Precious Log:
 CPUs: 4 total, 4 available
 Memory: 8087M
 Large Page Support: Disabled
 NUMA Support: Disabled
 Compressed Oops: Enabled (32-bit)
 Heap Region Size: 1M
 Heap Min Capacity: 8M
 Heap Initial Capacity: 128M
 Heap Max Capacity: 2G
 Pre-touch: Disabled
 Parallel Workers: 4
 Concurrent Workers: 1
 Concurrent Refinement Workers: 4
 Periodic GC: Disabled
Heap:
 garbage-first heap   total 478208K, used 376529K [0x0000000080000000, 0x0000000100000000)
  region size 1024K, 15 young (15360K), 3 survivors (3072K)
 Metaspace       used 203445K, committed 204352K, reserved 1228800K
  class space    used 25988K, committed 26432K, reserved 1048576K
GC Heap History (20 events):
Event: 2143.331 GC heap before
{Heap before GC invocations=93 (full 0):
 garbage-first heap   total 478208K, used 420122K [0x0000000080000000, 0x0000000100000000)
  region size 1024K, 129 young (132096K), 6 survivors (6144K)
 Metaspace       used 199209K, committed 200128K, reserved 1228800K
  class space    used 25450K, committed 25920K, reserved 1048576K
}
Event: 2143.340 GC heap after
{Heap after GC invocations=94 (full 0):
 garbage-first heap   total 478208K, used 294782K [0x0000000080000000, 0x0000000100000000)
  region size 1024K, 7 young (7168K), 7 survivors (7168K)
 Metaspace       used 199209K, committed 200128K, reserved 1228800K
  class space    used 25450K, committed 25920K, reserved 1048576K
}
Event: 2144.250 GC heap before
{Heap before GC invocations=94 (full 0):
 garbage-first heap   total 478208K, used 421758K [0x0000000080000000, 0x0000000100000000)
  region size 1024K, 131 young (134144K), 7 survivors (7168K)
 Metaspace       used 199222K, committed 200192K, reserved 1228800K
  class space    used 25451K, committed 25920K, reserved 1048576K
}
Event: 2144.259 GC heap after
{Heap after GC invocations=95 (full 0):
 garbage-first heap   total 478208K, used 295385K [0x0000000080000000, 0x0000000100000000)
  region size 1024K, 7 young (7168K), 7 survivors (7168K)
 Metaspace       used 199222K, committed 200192K, reserved 1228800K
  class space    used 25451K, committed 25920K, reserved 1048576K
}
Event: 2145.157 GC heap before
{Heap before GC invocations=95 (full 0):
 garbage-first heap   total 478208K, used 422361K [0x0000000080000000, 0x0000000100000000)
  region size 1024K, 131 young (134144K), 7 survivors (7168K)
 Metaspace       used 199238K, committed 200192K, reserved 1228800K
  class space    used 25451K, committed 25920K, reserved 1048576K
}
Event: 2145.167 GC heap after
{Heap after GC invocations=96 (full 0):
 garbage-first heap   total 478208K, used 296174K [0x0000000080000000, 0x0000000100000000)
  region size 1024K, 8 young (8192K), 8 survivors (8192K)
 Metaspace       used 199238K, committed 200192K, reserved 1228800K
  class space    used 25451K, committed 25920K, reserved 1048576K
}
Event: 2146.048 GC heap before
{Heap before GC invocations=96 (full 0):
 garbage-first heap   total 478208K, used 421102K [0x0000000080000000, 0x0000000100000000)
  region size 1024K, 130 young (133120K), 8 survivors (8192K)
 Metaspace       used 199262K, committed 200192K, reserved 1228800K
  class space    used 25457K, committed 25920K, reserved 1048576K
}
Event: 2146.057 GC heap after
{Heap after GC invocations=97 (full 0):
 garbage-first heap   total 478208K, used 296917K [0x0000000080000000, 0x0000000100000000)
  region size 1024K, 9 young (9216K), 9 survivors (9216K)
 Metaspace       used 199262K, committed 200192K, reserved 1228800K
  class space    used 25457K, committed 25920K, reserved 1048576K
}
Event: 2147.234 GC heap before
{Heap before GC invocations=97 (full 0):
 garbage-first heap   total 478208K, used 420821K [0x0000000080000000, 0x0000000100000000)
  region size 1024K, 129 young (132096K), 9 survivors (9216K)
 Metaspace       used 201464K, committed 202432K, reserved 1228800K
  class space    used 25766K, committed 26240K, reserved 1048576K
}
Event: 2147.246 GC heap after
{Heap after GC invocations=98 (full 0):
 garbage-first heap   total 478208K, used 305792K [0x0000000080000000, 0x0000000100000000)
  region size 1024K, 15 young (15360K), 15 survivors (15360K)
 Metaspace       used 201464K, committed 202432K, reserved 1228800K
  class space    used 25766K, committed 26240K, reserved 1048576K
}
Event: 2148.975 GC heap before
{Heap before GC invocations=98 (full 0):
 garbage-first heap   total 478208K, used 375424K [0x0000000080000000, 0x0000000100000000)
  region size 1024K, 59 young (60416K), 15 survivors (15360K)
 Metaspace       used 202700K, committed 203584K, reserved 1228800K
  class space    used 25929K, committed 26368K, reserved 1048576K
}
Event: 2148.985 GC heap after
{Heap after GC invocations=99 (full 0):
 garbage-first heap   total 478208K, used 319779K [0x0000000080000000, 0x0000000100000000)
  region size 1024K, 11 young (11264K), 11 survivors (11264K)
 Metaspace       used 202700K, committed 203584K, reserved 1228800K
  class space    used 25929K, committed 26368K, reserved 1048576K
}
Event: 2149.554 GC heap before
{Heap before GC invocations=99 (full 0):
 garbage-first heap   total 478208K, used 429347K [0x0000000080000000, 0x0000000100000000)
  region size 1024K, 104 young (106496K), 11 survivors (11264K)
 Metaspace       used 203219K, committed 204160K, reserved 1228800K
  class space    used 25977K, committed 26432K, reserved 1048576K
}
Event: 2149.590 GC heap after
{Heap after GC invocations=100 (full 0):
 garbage-first heap   total 478208K, used 361085K [0x0000000080000000, 0x0000000100000000)
  region size 1024K, 13 young (13312K), 13 survivors (13312K)
 Metaspace       used 203219K, committed 204160K, reserved 1228800K
  class space    used 25977K, committed 26432K, reserved 1048576K
}
Event: 2149.696 GC heap before
{Heap before GC invocations=100 (full 0):
 garbage-first heap   total 478208K, used 399997K [0x0000000080000000, 0x0000000100000000)
  region size 1024K, 52 young (53248K), 13 survivors (13312K)
 Metaspace       used 203248K, committed 204160K, reserved 1228800K
  class space    used 25977K, committed 26432K, reserved 1048576K
}
Event: 2149.727 GC heap after
{Heap after GC invocations=101 (full 0):
 garbage-first heap   total 478208K, used 381952K [0x0000000080000000, 0x0000000100000000)
  region size 1024K, 7 young (7168K), 7 survivors (7168K)
 Metaspace       used 203248K, committed 204160K, reserved 1228800K
  class space    used 25977K, committed 26432K, reserved 1048576K
}
Event: 2149.881 GC heap before
{Heap before GC invocations=101 (full 0):
 garbage-first heap   total 478208K, used 406528K [0x0000000080000000, 0x0000000100000000)
  region size 1024K, 31 young (31744K), 7 survivors (7168K)
 Metaspace       used 203317K, committed 204288K, reserved 1228800K
  class space    used 25980K, committed 26432K, reserved 1048576K
}
Event: 2149.908 GC heap after
{Heap after GC invocations=102 (full 0):
 garbage-first heap   total 478208K, used 392000K [0x0000000080000000, 0x0000000100000000)
  region size 1024K, 4 young (4096K), 4 survivors (4096K)
 Metaspace       used 203317K, committed 204288K, reserved 1228800K
  class space    used 25980K, committed 26432K, reserved 1048576K
}
Event: 2150.022 GC heap before
{Heap before GC invocations=102 (full 0):
 garbage-first heap   total 478208K, used 411456K [0x0000000080000000, 0x0000000100000000)
  region size 1024K, 23 young (23552K), 4 survivors (4096K)
 Metaspace       used 203422K, committed 204352K, reserved 1228800K
  class space    used 25988K, committed 26432K, reserved 1048576K
}
Event: 2150.030 GC heap after
{Heap after GC invocations=103 (full 0):
 garbage-first heap   total 478208K, used 394961K [0x0000000080000000, 0x0000000100000000)
  region size 1024K, 3 young (3072K), 3 survivors (3072K)
 Metaspace       used 203422K, committed 204352K, reserved 1228800K
  class space    used 25988K, committed 26432K, reserved 1048576K
}

