# JRE version: OpenJDK Runtime Environment (17.0.6) (build 17.0.6+0-b2043.56-10027231)
# Java VM: OpenJDK 64-Bit Server VM (17.0.6+0-b2043.56-10027231, mixed mode, tiered, compressed oops, compressed class ptrs, g1 gc, windows-amd64)
GC Precious Log:
 CPUs: 4 total, 4 available
 Memory: 8087M
 Large Page Support: Disabled
 NUMA Support: Disabled
 Compressed Oops: Enabled (32-bit)
 Heap Region Size: 1M
 Heap Min Capacity: 8M
 Heap Initial Capacity: 128M
 Heap Max Capacity: 2G
 Pre-touch: Disabled
 Parallel Workers: 4
 Concurrent Workers: 1
 Concurrent Refinement Workers: 4
 Periodic GC: Disabled
Heap:
 garbage-first heap   total 142336K, used 96190K [0x0000000080000000, 0x0000000100000000)
  region size 1024K, 6 young (6144K), 2 survivors (2048K)
 Metaspace       used 66551K, committed 67200K, reserved 1114112K
  class space    used 8896K, committed 9216K, reserved 1048576K
GC Heap History (20 events):
Event: 11.798 GC heap before
{Heap before GC invocations=28 (full 0):
 garbage-first heap   total 122880K, used 96030K [0x0000000080000000, 0x0000000100000000)
  region size 1024K, 30 young (30720K), 4 survivors (4096K)
 Metaspace       used 55681K, committed 56320K, reserved 1105920K
  class space    used 7509K, committed 7808K, reserved 1048576K
}
Event: 11.803 GC heap after
{Heap after GC invocations=29 (full 0):
 garbage-first heap   total 122880K, used 72298K [0x0000000080000000, 0x0000000100000000)
  region size 1024K, 2 young (2048K), 2 survivors (2048K)
 Metaspace       used 55681K, committed 56320K, reserved 1105920K
  class space    used 7509K, committed 7808K, reserved 1048576K
}
Event: 12.202 GC heap before
{Heap before GC invocations=29 (full 0):
 garbage-first heap   total 122880K, used 91754K [0x0000000080000000, 0x0000000100000000)
  region size 1024K, 23 young (23552K), 2 survivors (2048K)
 Metaspace       used 56248K, committed 56896K, reserved 1105920K
  class space    used 7560K, committed 7872K, reserved 1048576K
}
Event: 12.205 GC heap after
{Heap after GC invocations=30 (full 0):
 garbage-first heap   total 122880K, used 73187K [0x0000000080000000, 0x0000000100000000)
  region size 1024K, 3 young (3072K), 3 survivors (3072K)
 Metaspace       used 56248K, committed 56896K, reserved 1105920K
  class space    used 7560K, committed 7872K, reserved 1048576K
}
Event: 12.480 GC heap before
{Heap before GC invocations=31 (full 0):
 garbage-first heap   total 128000K, used 74211K [0x0000000080000000, 0x0000000100000000)
  region size 1024K, 4 young (4096K), 3 survivors (3072K)
 Metaspace       used 56249K, committed 56896K, reserved 1105920K
  class space    used 7560K, committed 7872K, reserved 1048576K
}
Event: 12.483 GC heap after
{Heap after GC invocations=32 (full 0):
 garbage-first heap   total 128000K, used 74416K [0x0000000080000000, 0x0000000100000000)
  region size 1024K, 2 young (2048K), 2 survivors (2048K)
 Metaspace       used 56249K, committed 56896K, reserved 1105920K
  class space    used 7560K, committed 7872K, reserved 1048576K
}
Event: 12.849 GC heap before
{Heap before GC invocations=33 (full 0):
 garbage-first heap   total 130048K, used 76464K [0x0000000080000000, 0x0000000100000000)
  region size 1024K, 4 young (4096K), 2 survivors (2048K)
 Metaspace       used 56294K, committed 56960K, reserved 1105920K
  class space    used 7566K, committed 7872K, reserved 1048576K
}
Event: 12.851 GC heap after
{Heap after GC invocations=34 (full 0):
 garbage-first heap   total 130048K, used 76418K [0x0000000080000000, 0x0000000100000000)
  region size 1024K, 3 young (3072K), 3 survivors (3072K)
 Metaspace       used 56294K, committed 56960K, reserved 1105920K
  class space    used 7566K, committed 7872K, reserved 1048576K
}
Event: 13.449 GC heap before
{Heap before GC invocations=35 (full 0):
 garbage-first heap   total 133120K, used 81538K [0x0000000080000000, 0x0000000100000000)
  region size 1024K, 9 young (9216K), 3 survivors (3072K)
 Metaspace       used 56589K, committed 57280K, reserved 1105920K
  class space    used 7618K, committed 7936K, reserved 1048576K
}
Event: 13.452 GC heap after
{Heap after GC invocations=36 (full 0):
 garbage-first heap   total 133120K, used 80382K [0x0000000080000000, 0x0000000100000000)
  region size 1024K, 3 young (3072K), 3 survivors (3072K)
 Metaspace       used 56589K, committed 57280K, reserved 1105920K
  class space    used 7618K, committed 7936K, reserved 1048576K
}
Event: 14.338 GC heap before
{Heap before GC invocations=37 (full 0):
 garbage-first heap   total 140288K, used 100862K [0x0000000080000000, 0x0000000100000000)
  region size 1024K, 22 young (22528K), 3 survivors (3072K)
 Metaspace       used 58923K, committed 59584K, reserved 1105920K
  class space    used 7939K, committed 8256K, reserved 1048576K
}
Event: 14.341 GC heap after
{Heap after GC invocations=38 (full 0):
 garbage-first heap   total 140288K, used 82151K [0x0000000080000000, 0x0000000100000000)
  region size 1024K, 2 young (2048K), 2 survivors (2048K)
 Metaspace       used 58923K, committed 59584K, reserved 1105920K
  class space    used 7939K, committed 8256K, reserved 1048576K
}
Event: 14.892 GC heap before
{Heap before GC invocations=38 (full 0):
 garbage-first heap   total 140288K, used 104679K [0x0000000080000000, 0x0000000100000000)
  region size 1024K, 24 young (24576K), 2 survivors (2048K)
 Metaspace       used 62378K, committed 62976K, reserved 1105920K
  class space    used 8327K, committed 8576K, reserved 1048576K
}
Event: 14.895 GC heap after
{Heap after GC invocations=39 (full 0):
 garbage-first heap   total 140288K, used 83093K [0x0000000080000000, 0x0000000100000000)
  region size 1024K, 1 young (1024K), 1 survivors (1024K)
 Metaspace       used 62378K, committed 62976K, reserved 1105920K
  class space    used 8327K, committed 8576K, reserved 1048576K
}
Event: 15.620 GC heap before
{Heap before GC invocations=40 (full 0):
 garbage-first heap   total 142336K, used 111765K [0x0000000080000000, 0x0000000100000000)
  region size 1024K, 25 young (25600K), 1 survivors (1024K)
 Metaspace       used 66478K, committed 67200K, reserved 1114112K
  class space    used 8885K, committed 9216K, reserved 1048576K
}
Event: 15.624 GC heap after
{Heap after GC invocations=41 (full 0):
 garbage-first heap   total 142336K, used 89712K [0x0000000080000000, 0x0000000100000000)
  region size 1024K, 4 young (4096K), 4 survivors (4096K)
 Metaspace       used 66478K, committed 67200K, reserved 1114112K
  class space    used 8885K, committed 9216K, reserved 1048576K
}
Event: 15.629 GC heap before
{Heap before GC invocations=41 (full 0):
 garbage-first heap   total 142336K, used 91760K [0x0000000080000000, 0x0000000100000000)
  region size 1024K, 6 young (6144K), 4 survivors (4096K)
 Metaspace       used 66478K, committed 67200K, reserved 1114112K
  class space    used 8885K, committed 9216K, reserved 1048576K
}
Event: 15.633 GC heap after
{Heap after GC invocations=42 (full 0):
 garbage-first heap   total 142336K, used 90922K [0x0000000080000000, 0x0000000100000000)
  region size 1024K, 1 young (1024K), 1 survivors (1024K)
 Metaspace       used 66478K, committed 67200K, reserved 1114112K
  class space    used 8885K, committed 9216K, reserved 1048576K
}
Event: 15.649 GC heap before
{Heap before GC invocations=42 (full 0):
 garbage-first heap   total 142336K, used 92970K [0x0000000080000000, 0x0000000100000000)
  region size 1024K, 4 young (4096K), 1 survivors (1024K)
 Metaspace       used 66484K, committed 67200K, reserved 1114112K
  class space    used 8885K, committed 9216K, reserved 1048576K
}
Event: 15.651 GC heap after
{Heap after GC invocations=43 (full 0):
 garbage-first heap   total 142336K, used 91070K [0x0000000080000000, 0x0000000100000000)
  region size 1024K, 2 young (2048K), 2 survivors (2048K)
 Metaspace       used 66484K, committed 67200K, reserved 1114112K
  class space    used 8885K, committed 9216K, reserved 1048576K
}

