# JRE version: OpenJDK Runtime Environment (17.0.6) (build 17.0.6+0-b2043.56-10027231)
# Java VM: OpenJDK 64-Bit Server VM (17.0.6+0-b2043.56-10027231, mixed mode, tiered, compressed oops, compressed class ptrs, g1 gc, windows-amd64)
GC Precious Log:
 CPUs: 4 total, 4 available
 Memory: 8087M
 Large Page Support: Disabled
 NUMA Support: Disabled
 Compressed Oops: Enabled (32-bit)
 Heap Region Size: 1M
 Heap Min Capacity: 8M
 Heap Initial Capacity: 128M
 Heap Max Capacity: 2G
 Pre-touch: Disabled
 Parallel Workers: 4
 Concurrent Workers: 1
 Concurrent Refinement Workers: 4
 Periodic GC: Disabled
Heap:
 garbage-first heap   total 121856K, used 73725K [0x0000000080000000, 0x0000000100000000)
  region size 1024K, 4 young (4096K), 4 survivors (4096K)
 Metaspace       used 56048K, committed 56640K, reserved 1097728K
  class space    used 7538K, committed 7808K, reserved 1048576K
GC Heap History (20 events):
Event: 3.645 GC heap after
{Heap after GC invocations=9 (full 0):
 garbage-first heap   total 107520K, used 50275K [0x0000000080000000, 0x0000000100000000)
  region size 1024K, 4 young (4096K), 4 survivors (4096K)
 Metaspace       used 35190K, committed 35520K, reserved 1081344K
  class space    used 4889K, committed 5056K, reserved 1048576K
}
Event: 3.688 GC heap before
{Heap before GC invocations=9 (full 0):
 garbage-first heap   total 107520K, used 52323K [0x0000000080000000, 0x0000000100000000)
  region size 1024K, 7 young (7168K), 4 survivors (4096K)
 Metaspace       used 35606K, committed 35968K, reserved 1081344K
  class space    used 4960K, committed 5120K, reserved 1048576K
}
Event: 3.690 GC heap after
{Heap after GC invocations=10 (full 0):
 garbage-first heap   total 107520K, used 50087K [0x0000000080000000, 0x0000000100000000)
  region size 1024K, 1 young (1024K), 1 survivors (1024K)
 Metaspace       used 35606K, committed 35968K, reserved 1081344K
  class space    used 4960K, committed 5120K, reserved 1048576K
}
Event: 4.149 GC heap before
{Heap before GC invocations=11 (full 0):
 garbage-first heap   total 107520K, used 84903K [0x0000000080000000, 0x0000000100000000)
  region size 1024K, 35 young (35840K), 1 survivors (1024K)
 Metaspace       used 41674K, committed 42112K, reserved 1089536K
  class space    used 5573K, committed 5760K, reserved 1048576K
}
Event: 4.153 GC heap after
{Heap after GC invocations=12 (full 0):
 garbage-first heap   total 107520K, used 55768K [0x0000000080000000, 0x0000000100000000)
  region size 1024K, 5 young (5120K), 5 survivors (5120K)
 Metaspace       used 41674K, committed 42112K, reserved 1089536K
  class space    used 5573K, committed 5760K, reserved 1048576K
}
Event: 4.229 GC heap before
{Heap before GC invocations=12 (full 0):
 garbage-first heap   total 107520K, used 63960K [0x0000000080000000, 0x0000000100000000)
  region size 1024K, 14 young (14336K), 5 survivors (5120K)
 Metaspace       used 42150K, committed 42560K, reserved 1089536K
  class space    used 5619K, committed 5824K, reserved 1048576K
}
Event: 4.233 GC heap after
{Heap after GC invocations=13 (full 0):
 garbage-first heap   total 107520K, used 56491K [0x0000000080000000, 0x0000000100000000)
  region size 1024K, 2 young (2048K), 2 survivors (2048K)
 Metaspace       used 42150K, committed 42560K, reserved 1089536K
  class space    used 5619K, committed 5824K, reserved 1048576K
}
Event: 4.745 GC heap before
{Heap before GC invocations=14 (full 0):
 garbage-first heap   total 107520K, used 86187K [0x0000000080000000, 0x0000000100000000)
  region size 1024K, 29 young (29696K), 2 survivors (2048K)
 Metaspace       used 46464K, committed 46848K, reserved 1089536K
  class space    used 6176K, committed 6336K, reserved 1048576K
}
Event: 4.748 GC heap after
{Heap after GC invocations=15 (full 0):
 garbage-first heap   total 107520K, used 57583K [0x0000000080000000, 0x0000000100000000)
  region size 1024K, 3 young (3072K), 3 survivors (3072K)
 Metaspace       used 46464K, committed 46848K, reserved 1089536K
  class space    used 6176K, committed 6336K, reserved 1048576K
}
Event: 4.849 GC heap before
{Heap before GC invocations=15 (full 0):
 garbage-first heap   total 107520K, used 60655K [0x0000000080000000, 0x0000000100000000)
  region size 1024K, 7 young (7168K), 3 survivors (3072K)
 Metaspace       used 46598K, committed 47040K, reserved 1089536K
  class space    used 6189K, committed 6400K, reserved 1048576K
}
Event: 4.853 GC heap after
{Heap after GC invocations=16 (full 0):
 garbage-first heap   total 107520K, used 58982K [0x0000000080000000, 0x0000000100000000)
  region size 1024K, 4 young (4096K), 4 survivors (4096K)
 Metaspace       used 46598K, committed 47040K, reserved 1089536K
  class space    used 6189K, committed 6400K, reserved 1048576K
}
Event: 5.063 GC heap before
{Heap before GC invocations=17 (full 0):
 garbage-first heap   total 112640K, used 74342K [0x0000000080000000, 0x0000000100000000)
  region size 1024K, 15 young (15360K), 4 survivors (4096K)
 Metaspace       used 47313K, committed 47744K, reserved 1097728K
  class space    used 6272K, committed 6464K, reserved 1048576K
}
Event: 5.068 GC heap after
{Heap after GC invocations=18 (full 0):
 garbage-first heap   total 112640K, used 67386K [0x0000000080000000, 0x0000000100000000)
  region size 1024K, 4 young (4096K), 4 survivors (4096K)
 Metaspace       used 47313K, committed 47744K, reserved 1097728K
  class space    used 6272K, committed 6464K, reserved 1048576K
}
Event: 5.388 GC heap before
{Heap before GC invocations=19 (full 0):
 garbage-first heap   total 119808K, used 86842K [0x0000000080000000, 0x0000000100000000)
  region size 1024K, 22 young (22528K), 4 survivors (4096K)
 Metaspace       used 49592K, committed 50048K, reserved 1097728K
  class space    used 6505K, committed 6720K, reserved 1048576K
}
Event: 5.392 GC heap after
{Heap after GC invocations=20 (full 0):
 garbage-first heap   total 119808K, used 68693K [0x0000000080000000, 0x0000000100000000)
  region size 1024K, 2 young (2048K), 2 survivors (2048K)
 Metaspace       used 49592K, committed 50048K, reserved 1097728K
  class space    used 6505K, committed 6720K, reserved 1048576K
}
Event: 5.705 GC heap before
{Heap before GC invocations=20 (full 0):
 garbage-first heap   total 119808K, used 92245K [0x0000000080000000, 0x0000000100000000)
  region size 1024K, 25 young (25600K), 2 survivors (2048K)
 Metaspace       used 51730K, committed 52288K, reserved 1097728K
  class space    used 6882K, committed 7168K, reserved 1048576K
}
Event: 5.709 GC heap after
{Heap after GC invocations=21 (full 0):
 garbage-first heap   total 119808K, used 69686K [0x0000000080000000, 0x0000000100000000)
  region size 1024K, 3 young (3072K), 3 survivors (3072K)
 Metaspace       used 51730K, committed 52288K, reserved 1097728K
  class space    used 6882K, committed 7168K, reserved 1048576K
}
Event: 6.152 GC heap before
{Heap before GC invocations=22 (full 0):
 garbage-first heap   total 121856K, used 93238K [0x0000000080000000, 0x0000000100000000)
  region size 1024K, 26 young (26624K), 3 survivors (3072K)
 Metaspace       used 54379K, committed 54976K, reserved 1097728K
  class space    used 7333K, committed 7616K, reserved 1048576K
}
Event: 6.156 GC heap after
{Heap after GC invocations=23 (full 0):
 garbage-first heap   total 121856K, used 71255K [0x0000000080000000, 0x0000000100000000)
  region size 1024K, 3 young (3072K), 3 survivors (3072K)
 Metaspace       used 54379K, committed 54976K, reserved 1097728K
  class space    used 7333K, committed 7616K, reserved 1048576K
}
Event: 6.801 GC heap before
{Heap before GC invocations=23 (full 0):
 garbage-first heap   total 121856K, used 95831K [0x0000000080000000, 0x0000000100000000)
  region size 1024K, 28 young (28672K), 3 survivors (3072K)
 Metaspace       used 56048K, committed 56640K, reserved 1097728K
  class space    used 7538K, committed 7808K, reserved 1048576K
}

