# JRE version: OpenJDK Runtime Environment (17.0.6) (build 17.0.6+0-b2043.56-10027231)
# Java VM: OpenJDK 64-Bit Server VM (17.0.6+0-b2043.56-10027231, mixed mode, tiered, compressed oops, compressed class ptrs, g1 gc, windows-amd64)
GC Precious Log:
 CPUs: 4 total, 4 available
 Memory: 8087M
 Large Page Support: Disabled
 NUMA Support: Disabled
 Compressed Oops: Enabled (32-bit)
 Heap Region Size: 1M
 Heap Min Capacity: 8M
 Heap Initial Capacity: 128M
 Heap Max Capacity: 2G
 Pre-touch: Disabled
 Parallel Workers: 4
 Concurrent Workers: 1
 Concurrent Refinement Workers: 4
 Periodic GC: Disabled
Heap:
 garbage-first heap   total 237568K, used 144092K [0x0000000080000000, 0x0000000100000000)
  region size 1024K, 2 young (2048K), 2 survivors (2048K)
 Metaspace       used 102104K, committed 102848K, reserved 1138688K
  class space    used 13914K, committed 14272K, reserved 1048576K
GC Heap History (20 events):
Event: 21.523 GC heap after
{Heap after GC invocations=43 (full 0):
 garbage-first heap   total 138240K, used 79855K [0x0000000080000000, 0x0000000100000000)
  region size 1024K, 3 young (3072K), 3 survivors (3072K)
 Metaspace       used 94934K, committed 95680K, reserved 1138688K
  class space    used 12776K, committed 13120K, reserved 1048576K
}
Event: 21.541 GC heap before
{Heap before GC invocations=43 (full 0):
 garbage-first heap   total 138240K, used 82927K [0x0000000080000000, 0x0000000100000000)
  region size 1024K, 6 young (6144K), 3 survivors (3072K)
 Metaspace       used 94993K, committed 95680K, reserved 1138688K
  class space    used 12782K, committed 13120K, reserved 1048576K
}
Event: 21.545 GC heap after
{Heap after GC invocations=44 (full 0):
 garbage-first heap   total 138240K, used 79976K [0x0000000080000000, 0x0000000100000000)
  region size 1024K, 1 young (1024K), 1 survivors (1024K)
 Metaspace       used 94993K, committed 95680K, reserved 1138688K
  class space    used 12782K, committed 13120K, reserved 1048576K
}
Event: 21.905 GC heap before
{Heap before GC invocations=44 (full 0):
 garbage-first heap   total 138240K, used 114792K [0x0000000080000000, 0x0000000100000000)
  region size 1024K, 36 young (36864K), 1 survivors (1024K)
 Metaspace       used 95652K, committed 96384K, reserved 1138688K
  class space    used 12851K, committed 13184K, reserved 1048576K
}
Event: 21.910 GC heap after
{Heap after GC invocations=45 (full 0):
 garbage-first heap   total 165888K, used 83031K [0x0000000080000000, 0x0000000100000000)
  region size 1024K, 4 young (4096K), 4 survivors (4096K)
 Metaspace       used 95652K, committed 96384K, reserved 1138688K
  class space    used 12851K, committed 13184K, reserved 1048576K
}
Event: 24.091 GC heap before
{Heap before GC invocations=46 (full 0):
 garbage-first heap   total 165888K, used 153687K [0x0000000080000000, 0x0000000100000000)
  region size 1024K, 50 young (51200K), 4 survivors (4096K)
 Metaspace       used 99224K, committed 99968K, reserved 1138688K
  class space    used 13351K, committed 13696K, reserved 1048576K
}
Event: 24.097 GC heap after
{Heap after GC invocations=47 (full 0):
 garbage-first heap   total 167936K, used 107804K [0x0000000080000000, 0x0000000100000000)
  region size 1024K, 7 young (7168K), 7 survivors (7168K)
 Metaspace       used 99224K, committed 99968K, reserved 1138688K
  class space    used 13351K, committed 13696K, reserved 1048576K
}
Event: 24.098 GC heap before
{Heap before GC invocations=47 (full 0):
 garbage-first heap   total 167936K, used 112924K [0x0000000080000000, 0x0000000100000000)
  region size 1024K, 8 young (8192K), 7 survivors (7168K)
 Metaspace       used 99225K, committed 99968K, reserved 1138688K
  class space    used 13351K, committed 13696K, reserved 1048576K
}
Event: 24.102 GC heap after
{Heap after GC invocations=48 (full 0):
 garbage-first heap   total 167936K, used 109836K [0x0000000080000000, 0x0000000100000000)
  region size 1024K, 1 young (1024K), 1 survivors (1024K)
 Metaspace       used 99225K, committed 99968K, reserved 1138688K
  class space    used 13351K, committed 13696K, reserved 1048576K
}
Event: 24.102 GC heap before
{Heap before GC invocations=48 (full 0):
 garbage-first heap   total 167936K, used 109836K [0x0000000080000000, 0x0000000100000000)
  region size 1024K, 2 young (2048K), 1 survivors (1024K)
 Metaspace       used 99225K, committed 99968K, reserved 1138688K
  class space    used 13351K, committed 13696K, reserved 1048576K
}
Event: 24.103 GC heap after
{Heap after GC invocations=49 (full 0):
 garbage-first heap   total 167936K, used 110304K [0x0000000080000000, 0x0000000100000000)
  region size 1024K, 1 young (1024K), 1 survivors (1024K)
 Metaspace       used 99225K, committed 99968K, reserved 1138688K
  class space    used 13351K, committed 13696K, reserved 1048576K
}
Event: 24.539 GC heap before
{Heap before GC invocations=50 (full 0):
 garbage-first heap   total 209920K, used 142048K [0x0000000080000000, 0x0000000100000000)
  region size 1024K, 24 young (24576K), 1 survivors (1024K)
 Metaspace       used 99516K, committed 100224K, reserved 1138688K
  class space    used 13399K, committed 13760K, reserved 1048576K
}
Event: 24.555 GC heap after
{Heap after GC invocations=51 (full 0):
 garbage-first heap   total 209920K, used 122555K [0x0000000080000000, 0x0000000100000000)
  region size 1024K, 3 young (3072K), 3 survivors (3072K)
 Metaspace       used 99516K, committed 100224K, reserved 1138688K
  class space    used 13399K, committed 13760K, reserved 1048576K
}
Event: 24.598 GC heap before
{Heap before GC invocations=51 (full 0):
 garbage-first heap   total 209920K, used 129723K [0x0000000080000000, 0x0000000100000000)
  region size 1024K, 10 young (10240K), 3 survivors (3072K)
 Metaspace       used 99517K, committed 100224K, reserved 1138688K
  class space    used 13399K, committed 13760K, reserved 1048576K
}
Event: 24.605 GC heap after
{Heap after GC invocations=52 (full 0):
 garbage-first heap   total 209920K, used 125533K [0x0000000080000000, 0x0000000100000000)
  region size 1024K, 2 young (2048K), 2 survivors (2048K)
 Metaspace       used 99517K, committed 100224K, reserved 1138688K
  class space    used 13399K, committed 13760K, reserved 1048576K
}
Event: 24.627 GC heap before
{Heap before GC invocations=52 (full 0):
 garbage-first heap   total 209920K, used 128605K [0x0000000080000000, 0x0000000100000000)
  region size 1024K, 6 young (6144K), 2 survivors (2048K)
 Metaspace       used 99517K, committed 100224K, reserved 1138688K
  class space    used 13399K, committed 13760K, reserved 1048576K
}
Event: 24.632 GC heap after
{Heap after GC invocations=53 (full 0):
 garbage-first heap   total 209920K, used 126914K [0x0000000080000000, 0x0000000100000000)
  region size 1024K, 4 young (4096K), 4 survivors (4096K)
 Metaspace       used 99517K, committed 100224K, reserved 1138688K
  class space    used 13399K, committed 13760K, reserved 1048576K
}
Event: 25.808 GC heap before
{Heap before GC invocations=54 (full 0):
 garbage-first heap   total 237568K, used 159682K [0x0000000080000000, 0x0000000100000000)
  region size 1024K, 35 young (35840K), 4 survivors (4096K)
 Metaspace       used 102072K, committed 102848K, reserved 1138688K
  class space    used 13914K, committed 14272K, reserved 1048576K
}
Event: 25.827 GC heap after
{Heap after GC invocations=55 (full 0):
 garbage-first heap   total 237568K, used 140664K [0x0000000080000000, 0x0000000100000000)
  region size 1024K, 5 young (5120K), 5 survivors (5120K)
 Metaspace       used 102072K, committed 102848K, reserved 1138688K
  class space    used 13914K, committed 14272K, reserved 1048576K
}
Event: 25.859 GC heap before
{Heap before GC invocations=55 (full 0):
 garbage-first heap   total 237568K, used 146808K [0x0000000080000000, 0x0000000100000000)
  region size 1024K, 11 young (11264K), 5 survivors (5120K)
 Metaspace       used 102104K, committed 102848K, reserved 1138688K
  class space    used 13914K, committed 14272K, reserved 1048576K
}

